{
  "RSpec": {
    "coverage": {
      "/Users/shivansh/development/TDD/library_management_system/app/helpers/application_helper.rb": [
        1,
        null
      ],
      "/Users/shivansh/development/TDD/library_management_system/app/controllers/books_controller.rb": [
        1,
        1,
        null,
        1,
        1,
        1,
        null,
        null,
        1,
        2,
        1,
        null,
        1,
        null,
        null,
        1,
        4,
        3,
        2,
        2,
        1,
        null,
        1,
        null,
        null,
        2,
        null,
        null,
        1,
        5,
        4,
        3,
        2,
        1,
        null,
        1,
        null,
        null,
        3,
        null,
        null,
        1,
        2,
        1,
        1,
        null,
        1,
        null,
        null,
        1,
        null,
        1,
        18,
        null,
        null
      ],
      "/Users/shivansh/development/TDD/library_management_system/app/controllers/application_controller.rb": [
        1,
        1,
        null
      ],
      "/Users/shivansh/development/TDD/library_management_system/app/controllers/categories_controller.rb": [
        1,
        1,
        null,
        1,
        1,
        1,
        null,
        null,
        1,
        2,
        1,
        null,
        1,
        null,
        null,
        1,
        2,
        2,
        1,
        null,
        1,
        null,
        null,
        null,
        1,
        3,
        2,
        1,
        null,
        1,
        null,
        null,
        1,
        null,
        null,
        1,
        2,
        1,
        1,
        null,
        1,
        null,
        null,
        1,
        null,
        1,
        4,
        null,
        null
      ],
      "/Users/shivansh/development/TDD/library_management_system/app/controllers/issue_histories_controller.rb": [
        1,
        1,
        null,
        1,
        1,
        1,
        null,
        null,
        1,
        2,
        1,
        null,
        1,
        null,
        null,
        1,
        4,
        3,
        2,
        2,
        1,
        null,
        1,
        null,
        null,
        2,
        null,
        null,
        1,
        5,
        4,
        3,
        2,
        1,
        null,
        1,
        null,
        null,
        3,
        null,
        null,
        1,
        2,
        1,
        1,
        null,
        1,
        null,
        null,
        1,
        null,
        1,
        18,
        null,
        null
      ],
      "/Users/shivansh/development/TDD/library_management_system/app/controllers/libraries_controller.rb": [
        1,
        1,
        null,
        1,
        1,
        1,
        null,
        null,
        1,
        2,
        1,
        null,
        1,
        null,
        null,
        1,
        2,
        2,
        1,
        null,
        1,
        null,
        null,
        null,
        1,
        3,
        2,
        1,
        null,
        1,
        null,
        null,
        1,
        null,
        null,
        1,
        2,
        1,
        1,
        null,
        1,
        null,
        null,
        1,
        null,
        1,
        4,
        null,
        null
      ],
      "/Users/shivansh/development/TDD/library_management_system/app/controllers/members_controller.rb": [
        1,
        1,
        null,
        1,
        1,
        1,
        null,
        null,
        1,
        2,
        1,
        null,
        1,
        null,
        null,
        1,
        3,
        2,
        2,
        1,
        null,
        1,
        null,
        null,
        1,
        null,
        null,
        1,
        4,
        3,
        2,
        1,
        null,
        1,
        null,
        null,
        2,
        null,
        null,
        1,
        2,
        1,
        1,
        null,
        1,
        null,
        null,
        1,
        null,
        1,
        10,
        null,
        null
      ],
      "/Users/shivansh/development/TDD/library_management_system/app/models/book.rb": [
        1,
        1,
        1,
        1,
        1,
        1,
        1,
        1,
        1,
        1,
        1,
        1,
        1,
        null
      ],
      "/Users/shivansh/development/TDD/library_management_system/app/models/category.rb": [
        1,
        1,
        1,
        null
      ],
      "/Users/shivansh/development/TDD/library_management_system/app/models/issue_history.rb": [
        1,
        1,
        1,
        1,
        1,
        1,
        1,
        1,
        1,
        null
      ],
      "/Users/shivansh/development/TDD/library_management_system/app/models/library.rb": [
        1,
        1,
        1,
        1,
        1,
        1,
        null
      ],
      "/Users/shivansh/development/TDD/library_management_system/app/models/member.rb": [
        1,
        1,
        1,
        1,
        1,
        1,
        1,
        1,
        1,
        1,
        1,
        null
      ]
    },
    "timestamp": 1516598325
  }
}
