{
  "RSpec": {
    "coverage": {
      "/Users/shivansh/development/TDD/library_management_system/app/helpers/application_helper.rb": [
        1,
        null
      ],
      "/Users/shivansh/development/TDD/library_management_system/app/models/book.rb": [
        1,
        1,
        1,
        1,
        1,
        1,
        1,
        1,
        1,
        1,
        1,
        1,
        1,
        null
      ],
      "/Users/shivansh/development/TDD/library_management_system/app/models/category.rb": [
        1,
        1,
        1,
        null
      ],
      "/Users/shivansh/development/TDD/library_management_system/app/models/issue_history.rb": [
        1,
        1,
        1,
        1,
        1,
        1,
        1,
        1,
        1,
        null
      ],
      "/Users/shivansh/development/TDD/library_management_system/app/models/library.rb": [
        1,
        1,
        1,
        1,
        1,
        1,
        null
      ],
      "/Users/shivansh/development/TDD/library_management_system/app/models/member.rb": [
        1,
        1,
        1,
        1,
        1,
        1,
        1,
        1,
        1,
        1,
        1,
        null
      ],
      "/Users/shivansh/development/TDD/library_management_system/app/controllers/application_controller.rb": [
        0,
        null,
        null,
        0,
        0
      ]
    },
    "timestamp": 1516213692
  }
}
